
tp07.elf:     formato del fichero elf32-littlearm


Desensamblado de la sección boot:

70010000 <_start>:
70010000:	e59f0414 	ldr	r0, [pc, #1044]	@ 7001041c <ciclo_escritura_descriptores_64KB_2+0x38>
70010004:	e2800004 	add	r0, r0, #4
70010008:	e3a02010 	mov	r2, #16
7001000c:	e5802000 	str	r2, [r0]
70010010:	e3a02000 	mov	r2, #0
70010014:	e3a0300c 	mov	r3, #12

70010018 <init_regs_loop>:
70010018:	e2800004 	add	r0, r0, #4
7001001c:	e5802000 	str	r2, [r0]
70010020:	e2533001 	subs	r3, r3, #1
70010024:	1afffffb 	bne	70010018 <init_regs_loop>
70010028:	e2800004 	add	r0, r0, #4
7001002c:	e59f23ec 	ldr	r2, [pc, #1004]	@ 70010420 <ciclo_escritura_descriptores_64KB_2+0x3c>
70010030:	e5802000 	str	r2, [r0]
70010034:	e59f03e8 	ldr	r0, [pc, #1000]	@ 70010424 <ciclo_escritura_descriptores_64KB_2+0x40>
70010038:	e2800004 	add	r0, r0, #4
7001003c:	e3a02010 	mov	r2, #16
70010040:	e5802000 	str	r2, [r0]
70010044:	e3a02000 	mov	r2, #0
70010048:	e3a0300c 	mov	r3, #12

7001004c <init_regs_loop_t2>:
7001004c:	e2800004 	add	r0, r0, #4
70010050:	e5802000 	str	r2, [r0]
70010054:	e2533001 	subs	r3, r3, #1
70010058:	1afffffb 	bne	7001004c <init_regs_loop_t2>
7001005c:	e2800004 	add	r0, r0, #4
70010060:	e59f23b8 	ldr	r2, [pc, #952]	@ 70010420 <ciclo_escritura_descriptores_64KB_2+0x3c>
70010064:	e5802000 	str	r2, [r0]
70010068:	e59f03b8 	ldr	r0, [pc, #952]	@ 70010428 <ciclo_escritura_descriptores_64KB_2+0x44>
7001006c:	e2800004 	add	r0, r0, #4
70010070:	e3a02010 	mov	r2, #16
70010074:	e5802000 	str	r2, [r0]
70010078:	e3a02000 	mov	r2, #0
7001007c:	e3a0300c 	mov	r3, #12

70010080 <init_regs_loopk>:
70010080:	e2800004 	add	r0, r0, #4
70010084:	e5802000 	str	r2, [r0]
70010088:	e2533001 	subs	r3, r3, #1
7001008c:	1afffffb 	bne	70010080 <init_regs_loopk>
70010090:	e2800004 	add	r0, r0, #4
70010094:	e59f2390 	ldr	r2, [pc, #912]	@ 7001042c <ciclo_escritura_descriptores_64KB_2+0x48>
70010098:	e5802000 	str	r2, [r0]
7001009c:	e59f138c 	ldr	r1, [pc, #908]	@ 70010430 <ciclo_escritura_descriptores_64KB_2+0x4c>
700100a0:	e3a00000 	mov	r0, #0
700100a4:	e5810000 	str	r0, [r1]
700100a8:	f102001b 	cps	#27
700100ac:	e59fd380 	ldr	sp, [pc, #896]	@ 70010434 <ciclo_escritura_descriptores_64KB_2+0x50>
700100b0:	f1020013 	cps	#19
700100b4:	e59fd37c 	ldr	sp, [pc, #892]	@ 70010438 <ciclo_escritura_descriptores_64KB_2+0x54>
700100b8:	f1020017 	cps	#23
700100bc:	e59fd378 	ldr	sp, [pc, #888]	@ 7001043c <ciclo_escritura_descriptores_64KB_2+0x58>
700100c0:	f1020011 	cps	#17
700100c4:	e59fd374 	ldr	sp, [pc, #884]	@ 70010440 <ciclo_escritura_descriptores_64KB_2+0x5c>
700100c8:	f1020012 	cps	#18
700100cc:	e59fd370 	ldr	sp, [pc, #880]	@ 70010444 <ciclo_escritura_descriptores_64KB_2+0x60>
700100d0:	f102001f 	cps	#31
700100d4:	e59fd36c 	ldr	sp, [pc, #876]	@ 70010448 <ciclo_escritura_descriptores_64KB_2+0x64>

700100d8 <reset_copy>:
700100d8:	e59f036c 	ldr	r0, [pc, #876]	@ 7001044c <ciclo_escritura_descriptores_64KB_2+0x68>
700100dc:	e59f136c 	ldr	r1, [pc, #876]	@ 70010450 <ciclo_escritura_descriptores_64KB_2+0x6c>
700100e0:	e59f236c 	ldr	r2, [pc, #876]	@ 70010454 <ciclo_escritura_descriptores_64KB_2+0x70>
700100e4:	e0422000 	sub	r2, r2, r0

700100e8 <byte_copy>:
700100e8:	e4d13001 	ldrb	r3, [r1], #1
700100ec:	e4c03001 	strb	r3, [r0], #1
700100f0:	e2522001 	subs	r2, r2, #1
700100f4:	1afffffb 	bne	700100e8 <byte_copy>

700100f8 <data_copy>:
700100f8:	e59f0358 	ldr	r0, [pc, #856]	@ 70010458 <ciclo_escritura_descriptores_64KB_2+0x74>
700100fc:	e59f1358 	ldr	r1, [pc, #856]	@ 7001045c <ciclo_escritura_descriptores_64KB_2+0x78>
70010100:	e59f2358 	ldr	r2, [pc, #856]	@ 70010460 <ciclo_escritura_descriptores_64KB_2+0x7c>
70010104:	e0422000 	sub	r2, r2, r0

70010108 <byte_copy1>:
70010108:	e4d13001 	ldrb	r3, [r1], #1
7001010c:	e4c03001 	strb	r3, [r0], #1
70010110:	e2522001 	subs	r2, r2, #1
70010114:	1afffffb 	bne	70010108 <byte_copy1>

70010118 <text_copy>:
70010118:	e59f0344 	ldr	r0, [pc, #836]	@ 70010464 <ciclo_escritura_descriptores_64KB_2+0x80>
7001011c:	e59f1344 	ldr	r1, [pc, #836]	@ 70010468 <ciclo_escritura_descriptores_64KB_2+0x84>
70010120:	e59f2344 	ldr	r2, [pc, #836]	@ 7001046c <ciclo_escritura_descriptores_64KB_2+0x88>
70010124:	e0422000 	sub	r2, r2, r0

70010128 <byte_copy2>:
70010128:	e4d13001 	ldrb	r3, [r1], #1
7001012c:	e4c03001 	strb	r3, [r0], #1
70010130:	e2522001 	subs	r2, r2, #1
70010134:	1afffffb 	bne	70010128 <byte_copy2>

70010138 <task1_copy>:
70010138:	e59f0330 	ldr	r0, [pc, #816]	@ 70010470 <ciclo_escritura_descriptores_64KB_2+0x8c>
7001013c:	e59f1330 	ldr	r1, [pc, #816]	@ 70010474 <ciclo_escritura_descriptores_64KB_2+0x90>
70010140:	e59f2330 	ldr	r2, [pc, #816]	@ 70010478 <ciclo_escritura_descriptores_64KB_2+0x94>
70010144:	e59f3330 	ldr	r3, [pc, #816]	@ 7001047c <ciclo_escritura_descriptores_64KB_2+0x98>
70010148:	e0422003 	sub	r2, r2, r3

7001014c <byte_copy3>:
7001014c:	e4d14001 	ldrb	r4, [r1], #1
70010150:	e4c04001 	strb	r4, [r0], #1
70010154:	e2522001 	subs	r2, r2, #1
70010158:	1afffffb 	bne	7001014c <byte_copy3>

7001015c <task2_copy>:
7001015c:	e59f031c 	ldr	r0, [pc, #796]	@ 70010480 <ciclo_escritura_descriptores_64KB_2+0x9c>
70010160:	e59f131c 	ldr	r1, [pc, #796]	@ 70010484 <ciclo_escritura_descriptores_64KB_2+0xa0>
70010164:	e59f231c 	ldr	r2, [pc, #796]	@ 70010488 <ciclo_escritura_descriptores_64KB_2+0xa4>
70010168:	e59f331c 	ldr	r3, [pc, #796]	@ 7001048c <ciclo_escritura_descriptores_64KB_2+0xa8>
7001016c:	e0422003 	sub	r2, r2, r3

70010170 <byte_copy4>:
70010170:	e4d14001 	ldrb	r4, [r1], #1
70010174:	e4c04001 	strb	r4, [r0], #1
70010178:	e2522001 	subs	r2, r2, #1
7001017c:	1afffffb 	bne	70010170 <byte_copy4>

70010180 <data_task1_copy>:
70010180:	e59f0308 	ldr	r0, [pc, #776]	@ 70010490 <ciclo_escritura_descriptores_64KB_2+0xac>
70010184:	e59f1308 	ldr	r1, [pc, #776]	@ 70010494 <ciclo_escritura_descriptores_64KB_2+0xb0>
70010188:	e59f2308 	ldr	r2, [pc, #776]	@ 70010498 <ciclo_escritura_descriptores_64KB_2+0xb4>
7001018c:	e59f3308 	ldr	r3, [pc, #776]	@ 7001049c <ciclo_escritura_descriptores_64KB_2+0xb8>
70010190:	e0422003 	sub	r2, r2, r3

70010194 <byte_copy5>:
70010194:	e4d14001 	ldrb	r4, [r1], #1
70010198:	e4c04001 	strb	r4, [r0], #1
7001019c:	e2522001 	subs	r2, r2, #1
700101a0:	1afffffb 	bne	70010194 <byte_copy5>

700101a4 <data_task2_copy>:
700101a4:	e59f02f4 	ldr	r0, [pc, #756]	@ 700104a0 <ciclo_escritura_descriptores_64KB_2+0xbc>
700101a8:	e59f12f4 	ldr	r1, [pc, #756]	@ 700104a4 <ciclo_escritura_descriptores_64KB_2+0xc0>
700101ac:	e59f22f4 	ldr	r2, [pc, #756]	@ 700104a8 <ciclo_escritura_descriptores_64KB_2+0xc4>
700101b0:	e59f32f4 	ldr	r3, [pc, #756]	@ 700104ac <ciclo_escritura_descriptores_64KB_2+0xc8>
700101b4:	e0422003 	sub	r2, r2, r3

700101b8 <byte_copy6>:
700101b8:	e4d14001 	ldrb	r4, [r1], #1
700101bc:	e4c04001 	strb	r4, [r0], #1
700101c0:	e2522001 	subs	r2, r2, #1
700101c4:	1afffffb 	bne	700101b8 <byte_copy6>
700101c8:	e3a01482 	mov	r1, #-2113929216	@ 0x82000000
700101cc:	e3a02906 	mov	r2, #98304	@ 0x18000
700101d0:	e3a00000 	mov	r0, #0

700101d4 <ciclo_borrado>:
700101d4:	e4c10001 	strb	r0, [r1], #1
700101d8:	e2522001 	subs	r2, r2, #1
700101dc:	1afffffc 	bne	700101d4 <ciclo_borrado>
700101e0:	e59f02c8 	ldr	r0, [pc, #712]	@ 700104b0 <ciclo_escritura_descriptores_64KB_2+0xcc>
700101e4:	e59f12c8 	ldr	r1, [pc, #712]	@ 700104b4 <ciclo_escritura_descriptores_64KB_2+0xd0>
700101e8:	e5801000 	str	r1, [r0]
700101ec:	e59f02c4 	ldr	r0, [pc, #708]	@ 700104b8 <ciclo_escritura_descriptores_64KB_2+0xd4>
700101f0:	e59f12c4 	ldr	r1, [pc, #708]	@ 700104bc <ciclo_escritura_descriptores_64KB_2+0xd8>
700101f4:	e5801000 	str	r1, [r0]
700101f8:	e59f02c0 	ldr	r0, [pc, #704]	@ 700104c0 <ciclo_escritura_descriptores_64KB_2+0xdc>
700101fc:	e59f12c0 	ldr	r1, [pc, #704]	@ 700104c4 <ciclo_escritura_descriptores_64KB_2+0xe0>
70010200:	e5801000 	str	r1, [r0]
70010204:	e59f02bc 	ldr	r0, [pc, #700]	@ 700104c8 <ciclo_escritura_descriptores_64KB_2+0xe4>
70010208:	e59f12bc 	ldr	r1, [pc, #700]	@ 700104cc <ciclo_escritura_descriptores_64KB_2+0xe8>
7001020c:	e5801000 	str	r1, [r0]
70010210:	e59f02b8 	ldr	r0, [pc, #696]	@ 700104d0 <ciclo_escritura_descriptores_64KB_2+0xec>
70010214:	e59f12b8 	ldr	r1, [pc, #696]	@ 700104d4 <ciclo_escritura_descriptores_64KB_2+0xf0>
70010218:	e5801000 	str	r1, [r0]
7001021c:	e59f02b4 	ldr	r0, [pc, #692]	@ 700104d8 <ciclo_escritura_descriptores_64KB_2+0xf4>
70010220:	e59f12b4 	ldr	r1, [pc, #692]	@ 700104dc <ciclo_escritura_descriptores_64KB_2+0xf8>
70010224:	e5801000 	str	r1, [r0]
70010228:	e59f02b0 	ldr	r0, [pc, #688]	@ 700104e0 <ciclo_escritura_descriptores_64KB_2+0xfc>
7001022c:	e59f12b0 	ldr	r1, [pc, #688]	@ 700104e4 <ciclo_escritura_descriptores_64KB_2+0x100>
70010230:	e5801000 	str	r1, [r0]
70010234:	e59f02ac 	ldr	r0, [pc, #684]	@ 700104e8 <ciclo_escritura_descriptores_64KB_2+0x104>
70010238:	e59f12ac 	ldr	r1, [pc, #684]	@ 700104ec <ciclo_escritura_descriptores_64KB_2+0x108>
7001023c:	e5801000 	str	r1, [r0]
70010240:	e59f02a8 	ldr	r0, [pc, #680]	@ 700104f0 <ciclo_escritura_descriptores_64KB_2+0x10c>
70010244:	e59f12a8 	ldr	r1, [pc, #680]	@ 700104f4 <ciclo_escritura_descriptores_64KB_2+0x110>
70010248:	e5801000 	str	r1, [r0]
7001024c:	e59f02a4 	ldr	r0, [pc, #676]	@ 700104f8 <ciclo_escritura_descriptores_64KB_2+0x114>
70010250:	e59f12a4 	ldr	r1, [pc, #676]	@ 700104fc <ciclo_escritura_descriptores_64KB_2+0x118>
70010254:	e5801000 	str	r1, [r0]
70010258:	e59f02a0 	ldr	r0, [pc, #672]	@ 70010500 <ciclo_escritura_descriptores_64KB_2+0x11c>
7001025c:	e59f12a0 	ldr	r1, [pc, #672]	@ 70010504 <ciclo_escritura_descriptores_64KB_2+0x120>
70010260:	e5801000 	str	r1, [r0]
70010264:	e59f029c 	ldr	r0, [pc, #668]	@ 70010508 <ciclo_escritura_descriptores_64KB_2+0x124>
70010268:	e59f129c 	ldr	r1, [pc, #668]	@ 7001050c <ciclo_escritura_descriptores_64KB_2+0x128>
7001026c:	e5801000 	str	r1, [r0]
70010270:	e59f0298 	ldr	r0, [pc, #664]	@ 70010510 <ciclo_escritura_descriptores_64KB_2+0x12c>
70010274:	e59f1298 	ldr	r1, [pc, #664]	@ 70010514 <ciclo_escritura_descriptores_64KB_2+0x130>
70010278:	e5801000 	str	r1, [r0]
7001027c:	e59f0294 	ldr	r0, [pc, #660]	@ 70010518 <ciclo_escritura_descriptores_64KB_2+0x134>
70010280:	e59f1294 	ldr	r1, [pc, #660]	@ 7001051c <ciclo_escritura_descriptores_64KB_2+0x138>
70010284:	e3a04020 	mov	r4, #32

70010288 <ciclo_escritura_descriptores_64KB>:
70010288:	e4801004 	str	r1, [r0], #4
7001028c:	e2544001 	subs	r4, r4, #1
70010290:	1afffffc 	bne	70010288 <ciclo_escritura_descriptores_64KB>
70010294:	e59f0284 	ldr	r0, [pc, #644]	@ 70010520 <ciclo_escritura_descriptores_64KB_2+0x13c>
70010298:	e59f1284 	ldr	r1, [pc, #644]	@ 70010524 <ciclo_escritura_descriptores_64KB_2+0x140>
7001029c:	e5801000 	str	r1, [r0]
700102a0:	e59f0280 	ldr	r0, [pc, #640]	@ 70010528 <ciclo_escritura_descriptores_64KB_2+0x144>
700102a4:	e59f1280 	ldr	r1, [pc, #640]	@ 7001052c <ciclo_escritura_descriptores_64KB_2+0x148>
700102a8:	e5801000 	str	r1, [r0]
700102ac:	e59f027c 	ldr	r0, [pc, #636]	@ 70010530 <ciclo_escritura_descriptores_64KB_2+0x14c>
700102b0:	e59f127c 	ldr	r1, [pc, #636]	@ 70010534 <ciclo_escritura_descriptores_64KB_2+0x150>
700102b4:	e5801000 	str	r1, [r0]
700102b8:	e59f0278 	ldr	r0, [pc, #632]	@ 70010538 <ciclo_escritura_descriptores_64KB_2+0x154>
700102bc:	e59f1278 	ldr	r1, [pc, #632]	@ 7001053c <ciclo_escritura_descriptores_64KB_2+0x158>
700102c0:	e5801000 	str	r1, [r0]
700102c4:	e59f0274 	ldr	r0, [pc, #628]	@ 70010540 <ciclo_escritura_descriptores_64KB_2+0x15c>
700102c8:	e59f1274 	ldr	r1, [pc, #628]	@ 70010544 <ciclo_escritura_descriptores_64KB_2+0x160>
700102cc:	e5801000 	str	r1, [r0]
700102d0:	e59f0270 	ldr	r0, [pc, #624]	@ 70010548 <ciclo_escritura_descriptores_64KB_2+0x164>
700102d4:	e59f1270 	ldr	r1, [pc, #624]	@ 7001054c <ciclo_escritura_descriptores_64KB_2+0x168>
700102d8:	e5801000 	str	r1, [r0]
700102dc:	e59f026c 	ldr	r0, [pc, #620]	@ 70010550 <ciclo_escritura_descriptores_64KB_2+0x16c>
700102e0:	e59f1204 	ldr	r1, [pc, #516]	@ 700104ec <ciclo_escritura_descriptores_64KB_2+0x108>
700102e4:	e5801000 	str	r1, [r0]
700102e8:	e59f0264 	ldr	r0, [pc, #612]	@ 70010554 <ciclo_escritura_descriptores_64KB_2+0x170>
700102ec:	e59f1264 	ldr	r1, [pc, #612]	@ 70010558 <ciclo_escritura_descriptores_64KB_2+0x174>
700102f0:	e5801000 	str	r1, [r0]
700102f4:	e59f0260 	ldr	r0, [pc, #608]	@ 7001055c <ciclo_escritura_descriptores_64KB_2+0x178>
700102f8:	e59f11f4 	ldr	r1, [pc, #500]	@ 700104f4 <ciclo_escritura_descriptores_64KB_2+0x110>
700102fc:	e5801000 	str	r1, [r0]
70010300:	e59f0258 	ldr	r0, [pc, #600]	@ 70010560 <ciclo_escritura_descriptores_64KB_2+0x17c>
70010304:	e59f11f0 	ldr	r1, [pc, #496]	@ 700104fc <ciclo_escritura_descriptores_64KB_2+0x118>
70010308:	e5801000 	str	r1, [r0]
7001030c:	e59f0250 	ldr	r0, [pc, #592]	@ 70010564 <ciclo_escritura_descriptores_64KB_2+0x180>
70010310:	e59f11ec 	ldr	r1, [pc, #492]	@ 70010504 <ciclo_escritura_descriptores_64KB_2+0x120>
70010314:	e5801000 	str	r1, [r0]
70010318:	e59f0248 	ldr	r0, [pc, #584]	@ 70010568 <ciclo_escritura_descriptores_64KB_2+0x184>
7001031c:	e59f11e8 	ldr	r1, [pc, #488]	@ 7001050c <ciclo_escritura_descriptores_64KB_2+0x128>
70010320:	e5801000 	str	r1, [r0]
70010324:	e59f0240 	ldr	r0, [pc, #576]	@ 7001056c <ciclo_escritura_descriptores_64KB_2+0x188>
70010328:	e59f1240 	ldr	r1, [pc, #576]	@ 70010570 <ciclo_escritura_descriptores_64KB_2+0x18c>
7001032c:	e5801000 	str	r1, [r0]
70010330:	e59f023c 	ldr	r0, [pc, #572]	@ 70010574 <ciclo_escritura_descriptores_64KB_2+0x190>
70010334:	e59f123c 	ldr	r1, [pc, #572]	@ 70010578 <ciclo_escritura_descriptores_64KB_2+0x194>
70010338:	e5801000 	str	r1, [r0]
7001033c:	e59f0238 	ldr	r0, [pc, #568]	@ 7001057c <ciclo_escritura_descriptores_64KB_2+0x198>
70010340:	e59f1238 	ldr	r1, [pc, #568]	@ 70010580 <ciclo_escritura_descriptores_64KB_2+0x19c>
70010344:	e3a04010 	mov	r4, #16

70010348 <ciclo_escritura_descriptores_64KB_1>:
70010348:	e4801004 	str	r1, [r0], #4
7001034c:	e2544001 	subs	r4, r4, #1
70010350:	1afffffc 	bne	70010348 <ciclo_escritura_descriptores_64KB_1>
70010354:	e59f0228 	ldr	r0, [pc, #552]	@ 70010584 <ciclo_escritura_descriptores_64KB_2+0x1a0>
70010358:	e59f1228 	ldr	r1, [pc, #552]	@ 70010588 <ciclo_escritura_descriptores_64KB_2+0x1a4>
7001035c:	e5801000 	str	r1, [r0]
70010360:	e59f0224 	ldr	r0, [pc, #548]	@ 7001058c <ciclo_escritura_descriptores_64KB_2+0x1a8>
70010364:	e59f1224 	ldr	r1, [pc, #548]	@ 70010590 <ciclo_escritura_descriptores_64KB_2+0x1ac>
70010368:	e5801000 	str	r1, [r0]
7001036c:	e59f0220 	ldr	r0, [pc, #544]	@ 70010594 <ciclo_escritura_descriptores_64KB_2+0x1b0>
70010370:	e59f1220 	ldr	r1, [pc, #544]	@ 70010598 <ciclo_escritura_descriptores_64KB_2+0x1b4>
70010374:	e5801000 	str	r1, [r0]
70010378:	e59f021c 	ldr	r0, [pc, #540]	@ 7001059c <ciclo_escritura_descriptores_64KB_2+0x1b8>
7001037c:	e59f1168 	ldr	r1, [pc, #360]	@ 700104ec <ciclo_escritura_descriptores_64KB_2+0x108>
70010380:	e5801000 	str	r1, [r0]
70010384:	e59f0214 	ldr	r0, [pc, #532]	@ 700105a0 <ciclo_escritura_descriptores_64KB_2+0x1bc>
70010388:	e59f1214 	ldr	r1, [pc, #532]	@ 700105a4 <ciclo_escritura_descriptores_64KB_2+0x1c0>
7001038c:	e5801000 	str	r1, [r0]
70010390:	e59f0210 	ldr	r0, [pc, #528]	@ 700105a8 <ciclo_escritura_descriptores_64KB_2+0x1c4>
70010394:	e59f1158 	ldr	r1, [pc, #344]	@ 700104f4 <ciclo_escritura_descriptores_64KB_2+0x110>
70010398:	e5801000 	str	r1, [r0]
7001039c:	e59f0208 	ldr	r0, [pc, #520]	@ 700105ac <ciclo_escritura_descriptores_64KB_2+0x1c8>
700103a0:	e59f1154 	ldr	r1, [pc, #340]	@ 700104fc <ciclo_escritura_descriptores_64KB_2+0x118>
700103a4:	e5801000 	str	r1, [r0]
700103a8:	e59f0200 	ldr	r0, [pc, #512]	@ 700105b0 <ciclo_escritura_descriptores_64KB_2+0x1cc>
700103ac:	e59f1150 	ldr	r1, [pc, #336]	@ 70010504 <ciclo_escritura_descriptores_64KB_2+0x120>
700103b0:	e5801000 	str	r1, [r0]
700103b4:	e59f01f8 	ldr	r0, [pc, #504]	@ 700105b4 <ciclo_escritura_descriptores_64KB_2+0x1d0>
700103b8:	e59f114c 	ldr	r1, [pc, #332]	@ 7001050c <ciclo_escritura_descriptores_64KB_2+0x128>
700103bc:	e5801000 	str	r1, [r0]
700103c0:	e59f01f0 	ldr	r0, [pc, #496]	@ 700105b8 <ciclo_escritura_descriptores_64KB_2+0x1d4>
700103c4:	e59f11f0 	ldr	r1, [pc, #496]	@ 700105bc <ciclo_escritura_descriptores_64KB_2+0x1d8>
700103c8:	e5801000 	str	r1, [r0]
700103cc:	e59f01ec 	ldr	r0, [pc, #492]	@ 700105c0 <ciclo_escritura_descriptores_64KB_2+0x1dc>
700103d0:	e59f11ec 	ldr	r1, [pc, #492]	@ 700105c4 <ciclo_escritura_descriptores_64KB_2+0x1e0>
700103d4:	e5801000 	str	r1, [r0]
700103d8:	e59f01e8 	ldr	r0, [pc, #488]	@ 700105c8 <ciclo_escritura_descriptores_64KB_2+0x1e4>
700103dc:	e59f11e8 	ldr	r1, [pc, #488]	@ 700105cc <ciclo_escritura_descriptores_64KB_2+0x1e8>
700103e0:	e3a04010 	mov	r4, #16

700103e4 <ciclo_escritura_descriptores_64KB_2>:
700103e4:	e4801004 	str	r1, [r0], #4
700103e8:	e2544001 	subs	r4, r4, #1
700103ec:	1afffffc 	bne	700103e4 <ciclo_escritura_descriptores_64KB_2>
700103f0:	eb007f04 	bl	70030008 <init_vms>
700103f4:	ee111f10 	mrc	15, 0, r1, cr1, cr0, {0}
700103f8:	e3811001 	orr	r1, r1, #1
700103fc:	ee011f10 	mcr	15, 0, r1, cr1, cr0, {0}
70010400:	e3a00207 	mov	r0, #1879048192	@ 0x70000000
70010404:	ee0c0f10 	mcr	15, 0, r0, cr12, cr0, {0}
70010408:	f57ff06f 	isb	sy
7001040c:	eb007f13 	bl	70030060 <init_timer0>
70010410:	eb007f07 	bl	70030034 <gic_init>
70010414:	f1080080 	cpsie	i
70010418:	eb007ef8 	bl	70030000 <_KERNEL_INIT>
7001041c:	80102300 	andshi	r2, r0, r0, lsl #6
70010420:	70040000 	andvc	r0, r4, r0
70010424:	80103300 	andshi	r3, r0, r0, lsl #6
70010428:	80101300 	andshi	r1, r0, r0, lsl #6
7001042c:	70030000 	andvc	r0, r3, r0
70010430:	81000004 	tsthi	r0, r4
70010434:	70060280 	andvc	r0, r6, r0, lsl #5
70010438:	70060180 	andvc	r0, r6, r0, lsl #3
7001043c:	70060200 	andvc	r0, r6, r0, lsl #4
70010440:	70060100 	andvc	r0, r6, r0, lsl #2
70010444:	70060080 	andvc	r0, r6, r0, lsl #1
70010448:	70060300 	andvc	r0, r6, r0, lsl #6
7001044c:	70000000 	andvc	r0, r0, r0
70010450:	700105d0 	ldrdvc	r0, [r1], -r0	@ <UNPREDICTABLE>
70010454:	70000040 	andvc	r0, r0, r0, asr #32
70010458:	81000000 	mrshi	r0, (UNDEF: 0)
7001045c:	70010818 	andvc	r0, r1, r8, lsl r8
70010460:	81000020 	tsthi	r0, r0, lsr #32
70010464:	70030000 	andvc	r0, r3, r0
70010468:	70010610 	andvc	r0, r1, r0, lsl r6
7001046c:	70030208 	andvc	r0, r3, r8, lsl #4
70010470:	80010000 	andhi	r0, r1, r0
70010474:	80010000 	andhi	r0, r1, r0
70010478:	7004003c 	andvc	r0, r4, ip, lsr r0
7001047c:	70040000 	andvc	r0, r4, r0
70010480:	80020000 	andhi	r0, r2, r0
70010484:	80020000 	andhi	r0, r2, r0
70010488:	70040068 	andvc	r0, r4, r8, rrx
7001048c:	7004003c 	andvc	r0, r4, ip, lsr r0
70010490:	80200000 	eorhi	r0, r0, r0
70010494:	70010838 	andvc	r0, r1, r8, lsr r8
70010498:	700a0004 	andvc	r0, sl, r4
7001049c:	700a0000 	andvc	r0, sl, r0
700104a0:	80210000 	eorhi	r0, r1, r0
700104a4:	7001083c 	andvc	r0, r1, ip, lsr r8
700104a8:	700a000c 	andvc	r0, sl, ip
700104ac:	700a0004 	andvc	r0, sl, r4
700104b0:	82001c00 	andhi	r1, r0, #0, 24
700104b4:	82004001 	andhi	r4, r0, #1
700104b8:	82002040 	andhi	r2, r0, #64	@ 0x40
700104bc:	82004401 	andhi	r4, r0, #16777216	@ 0x1000000
700104c0:	82002080 	andhi	r2, r0, #128	@ 0x80
700104c4:	82004801 	andhi	r4, r0, #65536	@ 0x10000
700104c8:	82000780 	andhi	r0, r0, #128, 14	@ 0x2000000
700104cc:	82004c01 	andhi	r4, r0, #256	@ 0x100
700104d0:	82000400 	andhi	r0, r0, #0, 8
700104d4:	82005001 	andhi	r5, r0, #1
700104d8:	82004040 	andhi	r4, r0, #64	@ 0x40
700104dc:	70010032 	andvc	r0, r1, r2, lsr r0
700104e0:	820040c0 	andhi	r4, r0, #192	@ 0xc0
700104e4:	70030032 	andvc	r0, r3, r2, lsr r0
700104e8:	82004000 	andhi	r4, r0, #0
700104ec:	70000032 	andvc	r0, r0, r2, lsr r0
700104f0:	82004180 	andhi	r4, r0, #128, 2
700104f4:	80100032 	andshi	r0, r0, r2, lsr r0
700104f8:	82004184 	andhi	r4, r0, #132, 2	@ 0x21
700104fc:	80101032 	andshi	r1, r0, r2, lsr r0
70010500:	82004188 	andhi	r4, r0, #136, 2	@ 0x22
70010504:	80102032 	andshi	r2, r0, r2, lsr r0
70010508:	8200418c 	andhi	r4, r0, #140, 2	@ 0x23
7001050c:	80103032 	andshi	r3, r0, r2, lsr r0
70010510:	82004400 	andhi	r4, r0, #0, 8
70010514:	81000032 	tsthi	r0, r2, lsr r0
70010518:	82004800 	andhi	r4, r0, #0, 16
7001051c:	82000031 	andhi	r0, r0, #49	@ 0x31
70010520:	82004c00 	andhi	r4, r0, #0, 24
70010524:	1e000032 	mcrne	0, 0, r0, cr0, cr2, {1}
70010528:	82004c04 	andhi	r4, r0, #4, 24	@ 0x400
7001052c:	1e001032 	mcrne	0, 0, r1, cr0, cr2, {1}
70010530:	82005044 	andhi	r5, r0, #68	@ 0x44
70010534:	10011032 	andne	r1, r1, r2, lsr r0
70010538:	82009c00 	andhi	r9, r0, #0, 24
7001053c:	8200c001 	andhi	ip, r0, #1
70010540:	82009c04 	andhi	r9, r0, #4, 24	@ 0x400
70010544:	8200c401 	andhi	ip, r0, #16777216	@ 0x1000000
70010548:	82009c28 	andhi	r9, r0, #40, 24	@ 0x2800
7001054c:	8200c801 	andhi	ip, r0, #65536	@ 0x10000
70010550:	8200c000 	andhi	ip, r0, #0
70010554:	8200c100 	andhi	ip, r0, #0, 2
70010558:	80010032 	andhi	r0, r1, r2, lsr r0
7001055c:	8200c180 	andhi	ip, r0, #128, 2
70010560:	8200c184 	andhi	ip, r0, #132, 2	@ 0x21
70010564:	8200c188 	andhi	ip, r0, #136, 2	@ 0x22
70010568:	8200c18c 	andhi	ip, r0, #140, 2	@ 0x23
7001056c:	8200c280 	andhi	ip, r0, #128, 4
70010570:	80200032 	eorhi	r0, r0, r2, lsr r0
70010574:	8200c400 	andhi	ip, r0, #0, 8
70010578:	80300032 	eorshi	r0, r0, r2, lsr r0
7001057c:	8200c800 	andhi	ip, r0, #0, 16
70010580:	70a00031 	adcvc	r0, r0, r1, lsr r0
70010584:	82011c00 	andhi	r1, r1, #0, 24
70010588:	82014001 	andhi	r4, r1, #1
7001058c:	82011c04 	andhi	r1, r1, #4, 24	@ 0x400
70010590:	82014401 	andhi	r4, r1, #16777216	@ 0x1000000
70010594:	82011c28 	andhi	r1, r1, #40, 24	@ 0x2800
70010598:	82014801 	andhi	r4, r1, #65536	@ 0x10000
7001059c:	82014000 	andhi	r4, r1, #0
700105a0:	82014100 	andhi	r4, r1, #0, 2
700105a4:	80020032 	andhi	r0, r2, r2, lsr r0
700105a8:	82014180 	andhi	r4, r1, #128, 2
700105ac:	82014184 	andhi	r4, r1, #132, 2	@ 0x21
700105b0:	82014188 	andhi	r4, r1, #136, 2	@ 0x22
700105b4:	8201418c 	andhi	r4, r1, #140, 2	@ 0x23
700105b8:	82014280 	andhi	r4, r1, #128, 4
700105bc:	80210032 	eorhi	r0, r1, r2, lsr r0
700105c0:	82014400 	andhi	r4, r1, #0, 8
700105c4:	80310032 	eorshi	r0, r1, r2, lsr r0
700105c8:	82014840 	andhi	r4, r1, #64, 16	@ 0x400000
700105cc:	70a10031 	adcvc	r0, r1, r1, lsr r0

Desensamblado de la sección reset_vector:

70000000 <__reset_start__>:
70000000:	e59ff018 	ldr	pc, [pc, #24]	@ 70000020 <jump_reset>
70000004:	e59ff018 	ldr	pc, [pc, #24]	@ 70000024 <jump_undef_handler>
70000008:	e59ff018 	ldr	pc, [pc, #24]	@ 70000028 <jump_svc_handler>
7000000c:	e59ff018 	ldr	pc, [pc, #24]	@ 7000002c <jump_prefetch_abort_handler>
70000010:	e59ff018 	ldr	pc, [pc, #24]	@ 70000030 <jump_data_abort_handler>
70000014:	e59ff018 	ldr	pc, [pc, #24]	@ 70000034 <jump_reserved_handler>
70000018:	e59ff018 	ldr	pc, [pc, #24]	@ 70000038 <jump_irq_handler>
7000001c:	e59ff018 	ldr	pc, [pc, #24]	@ 7000003c <jump_fiq_handler>

70000020 <jump_reset>:
70000020:	70030154 	andvc	r0, r3, r4, asr r1

70000024 <jump_undef_handler>:
70000024:	7003015c 	andvc	r0, r3, ip, asr r1

70000028 <jump_svc_handler>:
70000028:	70030160 	andvc	r0, r3, r0, ror #2

7000002c <jump_prefetch_abort_handler>:
7000002c:	70030164 	andvc	r0, r3, r4, ror #2

70000030 <jump_data_abort_handler>:
70000030:	7003019c 	mulvc	r3, ip, r1

70000034 <jump_reserved_handler>:
70000034:	700301bc 			@ <UNDEFINED> instruction: 0x700301bc

70000038 <jump_irq_handler>:
70000038:	70030088 	andvc	r0, r3, r8, lsl #1

7000003c <jump_fiq_handler>:
7000003c:	70030158 	andvc	r0, r3, r8, asr r1

Desensamblado de la sección .text:

70030000 <__text_start__>:
70030000:	e320f003 	wfi
70030004:	eafffffd 	b	70030000 <__text_start__>

70030008 <init_vms>:
70030008:	e59f01b0 	ldr	r0, [pc, #432]	@ 700301c0 <reserved_handler+0x4>
7003000c:	ee030f10 	mcr	15, 0, r0, cr3, cr0, {0}
70030010:	ee110f10 	mrc	15, 0, r0, cr1, cr0, {0}
70030014:	e3800202 	orr	r0, r0, #536870912	@ 0x20000000
70030018:	ee010f10 	mcr	15, 0, r0, cr1, cr0, {0}
7003001c:	ee120f50 	mrc	15, 0, r0, cr2, cr0, {2}
70030020:	e3800000 	orr	r0, r0, #0
70030024:	ee020f50 	mcr	15, 0, r0, cr2, cr0, {2}
70030028:	e3a00482 	mov	r0, #-2113929216	@ 0x82000000
7003002c:	ee020f10 	mcr	15, 0, r0, cr2, cr0, {0}
70030030:	e12fff1e 	bx	lr

70030034 <gic_init>:
70030034:	e3a0041e 	mov	r0, #503316480	@ 0x1e000000
70030038:	e3a010f0 	mov	r1, #240	@ 0xf0
7003003c:	e5801004 	str	r1, [r0, #4]
70030040:	e59f217c 	ldr	r2, [pc, #380]	@ 700301c4 <reserved_handler+0x8>
70030044:	e5923104 	ldr	r3, [r2, #260]	@ 0x104
70030048:	e3833010 	orr	r3, r3, #16
7003004c:	e5823104 	str	r3, [r2, #260]	@ 0x104
70030050:	e3a01001 	mov	r1, #1
70030054:	e5801000 	str	r1, [r0]
70030058:	e5821000 	str	r1, [r2]
7003005c:	e12fff1e 	bx	lr

70030060 <init_timer0>:
70030060:	e59f0160 	ldr	r0, [pc, #352]	@ 700301c8 <reserved_handler+0xc>
70030064:	e59f1160 	ldr	r1, [pc, #352]	@ 700301cc <reserved_handler+0x10>
70030068:	e5810000 	str	r0, [r1]
7003006c:	e59f115c 	ldr	r1, [pc, #348]	@ 700301d0 <reserved_handler+0x14>
70030070:	e3a000ea 	mov	r0, #234	@ 0xea
70030074:	e5810000 	str	r0, [r1]
70030078:	e59f1154 	ldr	r1, [pc, #340]	@ 700301d4 <reserved_handler+0x18>
7003007c:	e3a00001 	mov	r0, #1
70030080:	e5810000 	str	r0, [r1]
70030084:	e12fff1e 	bx	lr

70030088 <irq_handler>:
70030088:	e24ee004 	sub	lr, lr, #4
7003008c:	e52de004 	push	{lr}		@ (str lr, [sp, #-4]!)
70030090:	e92d1fff 	push	{r0, r1, r2, r3, r4, r5, r6, r7, r8, r9, sl, fp, ip}
70030094:	e14f0000 	mrs	r0, SPSR
70030098:	e52d0004 	push	{r0}		@ (str r0, [sp, #-4]!)
7003009c:	e59f0130 	ldr	r0, [pc, #304]	@ 700301d4 <reserved_handler+0x18>
700300a0:	e3a01001 	mov	r1, #1
700300a4:	e5801000 	str	r1, [r0]
700300a8:	e59f2128 	ldr	r2, [pc, #296]	@ 700301d8 <reserved_handler+0x1c>
700300ac:	e5920000 	ldr	r0, [r2]
700300b0:	e3500000 	cmp	r0, #0
700300b4:	0a000007 	beq	700300d8 <run_task1>
700300b8:	e3500001 	cmp	r0, #1
700300bc:	0a00000b 	beq	700300f0 <run_task2>
700300c0:	e3a00482 	mov	r0, #-2113929216	@ 0x82000000
700300c4:	e59f3110 	ldr	r3, [pc, #272]	@ 700301dc <reserved_handler+0x20>
700300c8:	e3a05000 	mov	r5, #0
700300cc:	e5825000 	str	r5, [r2]
700300d0:	eb00001b 	bl	70030144 <timer80ms>
700300d4:	ea00000a 	b	70030104 <change_ttbr0>

700300d8 <run_task1>:
700300d8:	e59f0100 	ldr	r0, [pc, #256]	@ 700301e0 <reserved_handler+0x24>
700300dc:	e59f3100 	ldr	r3, [pc, #256]	@ 700301e4 <reserved_handler+0x28>
700300e0:	e3a05001 	mov	r5, #1
700300e4:	e5825000 	str	r5, [r2]
700300e8:	eb000011 	bl	70030134 <timer10ms>
700300ec:	ea000004 	b	70030104 <change_ttbr0>

700300f0 <run_task2>:
700300f0:	e59f00f0 	ldr	r0, [pc, #240]	@ 700301e8 <reserved_handler+0x2c>
700300f4:	e59f30f0 	ldr	r3, [pc, #240]	@ 700301ec <reserved_handler+0x30>
700300f8:	e3a05003 	mov	r5, #3
700300fc:	e5825000 	str	r5, [r2]
70030100:	eb00000b 	bl	70030134 <timer10ms>

70030104 <change_ttbr0>:
70030104:	ee020f10 	mcr	15, 0, r0, cr2, cr0, {0}
70030108:	e3a00207 	mov	r0, #1879048192	@ 0x70000000
7003010c:	ee0c0f10 	mcr	15, 0, r0, cr12, cr0, {0}
70030110:	f57ff06f 	isb	sy
70030114:	e1a0d003 	mov	sp, r3
70030118:	e49d0004 	pop	{r0}		@ (ldr r0, [sp], #4)
7003011c:	e169f000 	msr	SPSR_fc, r0
70030120:	e8bd1fff 	pop	{r0, r1, r2, r3, r4, r5, r6, r7, r8, r9, sl, fp, ip}
70030124:	e49de004 	pop	{lr}		@ (ldr lr, [sp], #4)
70030128:	f57ff04f 	dsb	sy
7003012c:	f57ff06f 	isb	sy
70030130:	e1b0f00e 	movs	pc, lr

70030134 <timer10ms>:
70030134:	e59f608c 	ldr	r6, [pc, #140]	@ 700301c8 <reserved_handler+0xc>
70030138:	e59f108c 	ldr	r1, [pc, #140]	@ 700301cc <reserved_handler+0x10>
7003013c:	e5816000 	str	r6, [r1]
70030140:	e12fff1e 	bx	lr

70030144 <timer80ms>:
70030144:	e59f60a4 	ldr	r6, [pc, #164]	@ 700301f0 <reserved_handler+0x34>
70030148:	e59f107c 	ldr	r1, [pc, #124]	@ 700301cc <reserved_handler+0x10>
7003014c:	e5816000 	str	r6, [r1]
70030150:	e12fff1e 	bx	lr

70030154 <reset_handler>:
70030154:	eafffffe 	b	70030154 <reset_handler>

70030158 <fiq_handler>:
70030158:	eafffffe 	b	70030158 <fiq_handler>

7003015c <undef_handler>:
7003015c:	eafffffe 	b	7003015c <undef_handler>

70030160 <svc_handler>:
70030160:	eafffffe 	b	70030160 <svc_handler>

70030164 <prefetch_abort_handler>:
70030164:	ee160f50 	mrc	15, 0, r0, cr6, cr0, {2}
70030168:	ee151f30 	mrc	15, 0, r1, cr5, cr0, {1}
7003016c:	e201200f 	and	r2, r1, #15
70030170:	e1a03521 	lsr	r3, r1, #10
70030174:	e2033001 	and	r3, r3, #1
70030178:	e1a03203 	lsl	r3, r3, #4
7003017c:	e1822003 	orr	r2, r2, r3
70030180:	e59f406c 	ldr	r4, [pc, #108]	@ 700301f4 <reserved_handler+0x38>
70030184:	e5840000 	str	r0, [r4]
70030188:	e59f4068 	ldr	r4, [pc, #104]	@ 700301f8 <reserved_handler+0x3c>
7003018c:	e5842000 	str	r2, [r4]
70030190:	e59f4064 	ldr	r4, [pc, #100]	@ 700301fc <reserved_handler+0x40>
70030194:	e5841000 	str	r1, [r4]
70030198:	eafffffe 	b	70030198 <prefetch_abort_handler+0x34>

7003019c <data_abort_handler>:
7003019c:	e24ee008 	sub	lr, lr, #8
700301a0:	ee160f10 	mrc	15, 0, r0, cr6, cr0, {0}
700301a4:	ee151f10 	mrc	15, 0, r1, cr5, cr0, {0}
700301a8:	e59f2050 	ldr	r2, [pc, #80]	@ 70030200 <reserved_handler+0x44>
700301ac:	e5820000 	str	r0, [r2]
700301b0:	e59f204c 	ldr	r2, [pc, #76]	@ 70030204 <reserved_handler+0x48>
700301b4:	e5821000 	str	r1, [r2]
700301b8:	eafffff7 	b	7003019c <data_abort_handler>

700301bc <reserved_handler>:
700301bc:	eafffffe 	b	700301bc <reserved_handler>
700301c0:	55555555 	ldrbpl	r5, [r5, #-1365]	@ 0xfffffaab
700301c4:	1e001000 	cdpne	0, 0, cr1, cr0, cr0, {0}
700301c8:	00000f42 	andeq	r0, r0, r2, asr #30
700301cc:	10011000 	andne	r1, r1, r0
700301d0:	10011008 	andne	r1, r1, r8
700301d4:	1001100c 	andne	r1, r1, ip
700301d8:	81000004 	tsthi	r0, r4
700301dc:	70061300 	andvc	r1, r6, r0, lsl #6
700301e0:	82008000 	andhi	r8, r0, #0
700301e4:	70062300 	andvc	r2, r6, r0, lsl #6
700301e8:	82010000 	andhi	r0, r1, #0
700301ec:	70063300 	andvc	r3, r6, r0, lsl #6
700301f0:	00007a12 	andeq	r7, r0, r2, lsl sl
700301f4:	81000014 	tsthi	r0, r4, lsl r0
700301f8:	81000018 	tsthi	r0, r8, lsl r0
700301fc:	8100001c 	tsthi	r0, ip, lsl r0
70030200:	8100000c 	tsthi	r0, ip
70030204:	81000010 	tsthi	r0, r0, lsl r0

Desensamblado de la sección .data:

81000000 <SP0>:
81000000:	00000000 	andeq	r0, r0, r0

81000004 <task>:
81000004:	00000000 	andeq	r0, r0, r0

81000008 <SP1>:
81000008:	00000000 	andeq	r0, r0, r0

8100000c <debug_dfar>:
8100000c:	00000000 	andeq	r0, r0, r0

81000010 <debug_dfsr>:
81000010:	00000000 	andeq	r0, r0, r0

81000014 <debug_ifar>:
81000014:	00000000 	andeq	r0, r0, r0

81000018 <debug_ifsr_fs>:
81000018:	00000000 	andeq	r0, r0, r0

8100001c <debug_ifsr_raw>:
8100001c:	00000000 	andeq	r0, r0, r0

Desensamblado de la sección .task1_text:

70040000 <__t1_text_start__>:
70040000:	e59f0028 	ldr	r0, [pc, #40]	@ 70040030 <error+0x4>
70040004:	e59f1028 	ldr	r1, [pc, #40]	@ 70040034 <error+0x8>
70040008:	e59f2028 	ldr	r2, [pc, #40]	@ 70040038 <error+0xc>

7004000c <loop>:
7004000c:	e5802000 	str	r2, [r0]
70040010:	e5903000 	ldr	r3, [r0]
70040014:	e1530002 	cmp	r3, r2
70040018:	1a000003 	bne	7004002c <error>
7004001c:	e2800004 	add	r0, r0, #4
70040020:	e1500001 	cmp	r0, r1
70040024:	bafffff8 	blt	7004000c <loop>
70040028:	eafffff4 	b	70040000 <__t1_text_start__>

7004002c <error>:
7004002c:	eafffffe 	b	7004002c <error>
70040030:	70a00000 	adcvc	r0, r0, r0
70040034:	70a0ffff 	strdvc	pc, [r0], pc	@ <UNPREDICTABLE>
70040038:	55aa55aa 	strpl	r5, [sl, #1450]!	@ 0x5aa

Desensamblado de la sección .task2_text:

7004003c <__t2_text_start__>:
7004003c:	e59f001c 	ldr	r0, [pc, #28]	@ 70040060 <loop+0x1c>
70040040:	e59f101c 	ldr	r1, [pc, #28]	@ 70040064 <loop+0x20>

70040044 <loop>:
70040044:	e5902000 	ldr	r2, [r0]
70040048:	e1e03002 	mvn	r3, r2
7004004c:	e5803000 	str	r3, [r0]
70040050:	e2800004 	add	r0, r0, #4
70040054:	e1500001 	cmp	r0, r1
70040058:	bafffff9 	blt	70040044 <loop>
7004005c:	eafffff6 	b	7004003c <__t2_text_start__>
70040060:	70a10000 	adcvc	r0, r1, r0
70040064:	70a1ffff 	strdvc	pc, [r1], pc	@ <UNPREDICTABLE>

Desensamblado de la sección .task_data:

700a0000 <__data_task1_start__>:
700a0000:	70a00000 	adcvc	r0, r0, r0

700a0004 <__data_task1_end__>:
700a0004:	70a10000 	adcvc	r0, r1, r0
700a0008:	70a1ffff 	strdvc	pc, [r1], pc	@ <UNPREDICTABLE>

Desensamblado de la sección .ARM.attributes:

00000000 <.ARM.attributes>:
   0:	00001741 	andeq	r1, r0, r1, asr #14
   4:	61656100 	cmnvs	r5, r0, lsl #2
   8:	01006962 	tsteq	r0, r2, ror #18
   c:	0000000d 	andeq	r0, r0, sp
  10:	41070a06 	tstmi	r7, r6, lsl #20
  14:	02090108 	andeq	r0, r9, #8, 2

Desensamblado de la sección .debug_line:

00000000 <.debug_line>:
   0:	00000040 	andeq	r0, r0, r0, asr #32
   4:	001b0002 	andseq	r0, fp, r2
   8:	01020000 	mrseq	r0, (UNDEF: 2)
   c:	000a0efb 	strdeq	r0, [sl], -fp
  10:	01010101 	tsteq	r1, r1, lsl #2
  14:	01000000 	mrseq	r0, (UNDEF: 0)
  18:	73617400 	cmnvc	r1, #0, 8
  1c:	732e316b 			@ <UNDEFINED> instruction: 0x732e316b
  20:	00000000 	andeq	r0, r0, r0
  24:	02050000 	andeq	r0, r5, #0
  28:	70040000 	andvc	r0, r4, r0
  2c:	2c010a03 			@ <UNDEFINED> instruction: 0x2c010a03
  30:	2c2c2f2c 	stccs	15, cr2, [ip], #-176	@ 0xffffff50
  34:	2c2c2c2c 	stccs	12, cr2, [ip], #-176	@ 0xffffff50
  38:	71032d2c 	tstvc	r3, ip, lsr #26
  3c:	022c2c2b 	eoreq	r2, ip, #11008	@ 0x2b00
  40:	01010002 	tsteq	r1, r2
  44:	0000003c 	andeq	r0, r0, ip, lsr r0
  48:	001b0002 	andseq	r0, fp, r2
  4c:	01020000 	mrseq	r0, (UNDEF: 2)
  50:	000a0efb 	strdeq	r0, [sl], -fp
  54:	01010101 	tsteq	r1, r1, lsl #2
  58:	01000000 	mrseq	r0, (UNDEF: 0)
  5c:	73617400 	cmnvc	r1, #0, 8
  60:	732e326b 			@ <UNDEFINED> instruction: 0x732e326b
  64:	00000000 	andeq	r0, r0, r0
  68:	02050000 	andeq	r0, r5, #0
  6c:	7004003c 	andvc	r0, r4, ip, lsr r0
  70:	2c010a03 			@ <UNDEFINED> instruction: 0x2c010a03
  74:	2c2c2c2e 	stccs	12, cr2, [ip], #-184	@ 0xffffff48
  78:	032c2c2c 			@ <UNDEFINED> instruction: 0x032c2c2c
  7c:	022c2b76 	eoreq	r2, ip, #120832	@ 0x1d800
  80:	01010002 	tsteq	r1, r2
  84:	00000275 	andeq	r0, r0, r5, ror r2
  88:	001a0002 	andseq	r0, sl, r2
  8c:	01020000 	mrseq	r0, (UNDEF: 2)
  90:	000a0efb 	strdeq	r0, [sl], -fp
  94:	01010101 	tsteq	r1, r1, lsl #2
  98:	01000000 	mrseq	r0, (UNDEF: 0)
  9c:	30707400 	rsbscc	r7, r0, r0, lsl #8
  a0:	00732e37 	rsbseq	r2, r3, r7, lsr lr
  a4:	00000000 	andeq	r0, r0, r0
  a8:	00020500 	andeq	r0, r2, r0, lsl #10
  ac:	03700000 	cmneq	r0, #0
  b0:	2c0100e8 	stccs	0, cr0, [r1], {232}	@ 0xe8
  b4:	2c2c2c2c 	stccs	12, cr2, [ip], #-176	@ 0xffffff50
  b8:	12022c2c 	andne	r2, r2, #44, 24	@ 0x2c00
  bc:	00010100 	andeq	r0, r1, r0, lsl #2
  c0:	00000205 	andeq	r0, r0, r5, lsl #4
  c4:	87037001 	strhi	r7, [r3, -r1]
  c8:	2c2e0101 	stfcss	f0, [lr], #-4
  cc:	2d2c2e2c 	stccs	14, cr2, [ip, #-176]!	@ 0xffffff50
  d0:	2d2c2c2c 	stccs	12, cr2, [ip, #-176]!	@ 0xffffff50
  d4:	2e2e2c2c 	cdpcs	12, 2, cr2, cr14, cr12, {1}
  d8:	2c2e2c2c 	stccs	12, cr2, [lr], #-176	@ 0xffffff50
  dc:	2c2c2c2d 	stccs	12, cr2, [ip], #-180	@ 0xffffff4c
  e0:	2d2c2c2d 	stccs	12, cr2, [ip, #-180]!	@ 0xffffff4c
  e4:	2e2c2c2e 	cdpcs	12, 2, cr2, cr12, cr14, {1}
  e8:	2c2c2d2c 	stccs	13, cr2, [ip], #-176	@ 0xffffff50
  ec:	2c2c2d2c 	stccs	13, cr2, [ip], #-176	@ 0xffffff50
  f0:	312c2c2f 			@ <UNDEFINED> instruction: 0x312c2c2f
  f4:	2e2c2e2c 	cdpcs	14, 2, cr2, cr12, cr12, {1}
  f8:	2e2c2e2c 	cdpcs	14, 2, cr2, cr12, cr12, {1}
  fc:	2d2c2e2c 	stccs	14, cr2, [ip, #-176]!	@ 0xffffff50
 100:	2e2c2c2c 	cdpcs	12, 2, cr2, cr12, cr12, {1}
 104:	2e2c2c2c 	cdpcs	12, 2, cr2, cr12, cr12, {1}
 108:	2e2c2c2c 	cdpcs	12, 2, cr2, cr12, cr12, {1}
 10c:	2e2c2c2c 	cdpcs	12, 2, cr2, cr12, cr12, {1}
 110:	2e2c2c2c 	cdpcs	12, 2, cr2, cr12, cr12, {1}
 114:	2e2c2c2c 	cdpcs	12, 2, cr2, cr12, cr12, {1}
 118:	2c2c2c2c 	stccs	12, cr2, [ip], #-176	@ 0xffffff50
 11c:	2c2c2c2e 	stccs	12, cr2, [ip], #-184	@ 0xffffff48
 120:	2c2c2c2e 	stccs	12, cr2, [ip], #-184	@ 0xffffff48
 124:	2c2c2e2c 	stccs	14, cr2, [ip], #-176	@ 0xffffff50
 128:	2c2c2e2c 	stccs	14, cr2, [ip], #-176	@ 0xffffff50
 12c:	2c2e2c2c 	stccs	12, cr2, [lr], #-176	@ 0xffffff50
 130:	2c2e2c2c 	stccs	12, cr2, [lr], #-176	@ 0xffffff50
 134:	2e2c2c2c 	cdpcs	12, 2, cr2, cr12, cr12, {1}
 138:	312c2c2c 			@ <UNDEFINED> instruction: 0x312c2c2c
 13c:	2c2d2c2c 	stccs	12, cr2, [sp], #-176	@ 0xffffff50
 140:	2c2c2f2c 	stccs	15, cr2, [ip], #-176	@ 0xffffff50
 144:	2d2c2c2d 	stccs	12, cr2, [ip, #-180]!	@ 0xffffff4c
 148:	2c2d2c2c 	stccs	12, cr2, [sp], #-176	@ 0xffffff50
 14c:	2c2c2d2c 	stccs	13, cr2, [ip], #-176	@ 0xffffff50
 150:	2d2c2c2f 	stccs	12, cr2, [ip, #-188]!	@ 0xffffff44
 154:	2c2d2c2c 	stccs	12, cr2, [sp], #-176	@ 0xffffff50
 158:	2c2c2d2c 	stccs	13, cr2, [ip], #-176	@ 0xffffff50
 15c:	2d2c2c2d 	stccs	12, cr2, [ip, #-180]!	@ 0xffffff4c
 160:	2c2d2c2c 	stccs	12, cr2, [sp], #-176	@ 0xffffff50
 164:	2c2c2d2c 	stccs	13, cr2, [ip], #-176	@ 0xffffff50
 168:	2d2c2c2d 	stccs	12, cr2, [ip, #-180]!	@ 0xffffff4c
 16c:	2c2d2c2c 	stccs	12, cr2, [sp], #-176	@ 0xffffff50
 170:	2c2c2e2c 	stccs	14, cr2, [ip], #-176	@ 0xffffff50
 174:	302c2c2d 	eorcc	r2, ip, sp, lsr #24
 178:	2c2d2c2c 	stccs	12, cr2, [sp], #-176	@ 0xffffff50
 17c:	2c2c2d2c 	stccs	13, cr2, [ip], #-176	@ 0xffffff50
 180:	2d2c2c2f 	stccs	12, cr2, [ip, #-188]!	@ 0xffffff44
 184:	2c2d2c2c 	stccs	12, cr2, [sp], #-176	@ 0xffffff50
 188:	2c2c2d2c 	stccs	13, cr2, [ip], #-176	@ 0xffffff50
 18c:	2d2c2c2d 	stccs	12, cr2, [ip, #-180]!	@ 0xffffff4c
 190:	2c2d2c2c 	stccs	12, cr2, [sp], #-176	@ 0xffffff50
 194:	2c2c2e2c 	stccs	14, cr2, [ip], #-176	@ 0xffffff50
 198:	2d2c2c2d 	stccs	12, cr2, [ip, #-180]!	@ 0xffffff4c
 19c:	2c302c2c 	ldccs	12, cr2, [r0], #-176	@ 0xffffff50
 1a0:	2c2c2d2c 	stccs	13, cr2, [ip], #-176	@ 0xffffff50
 1a4:	2f2c2c2d 	svccs	0x002c2c2d
 1a8:	2c2d2c2c 	stccs	12, cr2, [sp], #-176	@ 0xffffff50
 1ac:	2c2c2d2c 	stccs	13, cr2, [ip], #-176	@ 0xffffff50
 1b0:	2d2c2c2d 	stccs	12, cr2, [ip, #-180]!	@ 0xffffff4c
 1b4:	2c2d2c2c 	stccs	12, cr2, [sp], #-176	@ 0xffffff50
 1b8:	2c2c2d2c 	stccs	13, cr2, [ip], #-176	@ 0xffffff50
 1bc:	2d2c2c2d 	stccs	12, cr2, [ip, #-180]!	@ 0xffffff4c
 1c0:	2c2d2c2c 	stccs	12, cr2, [sp], #-176	@ 0xffffff50
 1c4:	2c2e2d2c 	stccs	13, cr2, [lr], #-176	@ 0xffffff50
 1c8:	2c2c2d2c 	stccs	13, cr2, [ip], #-176	@ 0xffffff50
 1cc:	2d2d2d2e 	stccs	13, cr2, [sp, #-184]!	@ 0xffffff48
 1d0:	2b7ced03 	blcs	1f3b5e4 <longitud_tablas+0x1f235e4>
 1d4:	2f2b1103 	svccs	0x002b1103
 1d8:	032b1403 			@ <UNDEFINED> instruction: 0x032b1403
 1dc:	03302b11 	teqeq	r0, #17408	@ 0x4400
 1e0:	2f2f2b09 	svccs	0x002f2b09
 1e4:	2d2f2f2f 	stccs	15, cr2, [pc, #-188]!	@ 130 <TIMER0_IRQ_ID+0x10c>
 1e8:	0a032c2c 	beq	cb2a0 <longitud_tablas+0xb32a0>
 1ec:	032c2c2b 			@ <UNDEFINED> instruction: 0x032c2c2b
 1f0:	2c2c2b0a 			@ <UNDEFINED> instruction: 0x2c2c2b0a
 1f4:	2c2b0a03 			@ <UNDEFINED> instruction: 0x2c2b0a03
 1f8:	0a032c2c 	beq	cb2b0 <longitud_tablas+0xb32b0>
 1fc:	2c2c2c2b 	stccs	12, cr2, [ip], #-172	@ 0xffffff54
 200:	2c2b0a03 			@ <UNDEFINED> instruction: 0x2c2b0a03
 204:	0a032c2c 	beq	cb2bc <longitud_tablas+0xb32bc>
 208:	2c2c2c2b 	stccs	12, cr2, [ip], #-172	@ 0xffffff54
 20c:	2c2b1703 	stccs	7, cr1, [fp], #-12
 210:	2c2e2c2e 	stccs	12, cr2, [lr], #-184	@ 0xffffff48
 214:	2c2e2c2e 	stccs	12, cr2, [lr], #-184	@ 0xffffff48
 218:	2c2e2c30 	stccs	12, cr2, [lr], #-192	@ 0xffffff40
 21c:	2c2e2c2e 	stccs	12, cr2, [lr], #-184	@ 0xffffff48
 220:	2c2e2c2e 	stccs	12, cr2, [lr], #-184	@ 0xffffff48
 224:	2c2e2c2e 	stccs	12, cr2, [lr], #-184	@ 0xffffff48
 228:	2c322c2e 	ldccs	12, cr2, [r2], #-184	@ 0xffffff48
 22c:	2c2e2c2f 	stccs	12, cr2, [lr], #-188	@ 0xffffff44
 230:	2c2e2c31 	stccs	12, cr2, [lr], #-196	@ 0xffffff3c
 234:	2f302c2e 	svccs	0x00302c2e
 238:	2f2f2e2c 	svccs	0x002f2e2c
 23c:	2f2c2f2f 	svccs	0x002c2f2f
 240:	032c2e2c 			@ <UNDEFINED> instruction: 0x032c2e2c
 244:	2e2c2b0a 	vmulcs.f64	d2, d12, d10
 248:	302c2e2c 	eorcc	r2, ip, ip, lsr #28
 24c:	2f2e2c2f 	svccs	0x002e2c2f
 250:	2c2f2f2f 	stccs	15, cr2, [pc], #-188	@ 19c <TIMER0_IRQ_ID+0x178>
 254:	2c2e2c2e 	stccs	12, cr2, [lr], #-184	@ 0xffffff48
 258:	01000202 	tsteq	r0, r2, lsl #4
 25c:	02050001 	andeq	r0, r5, #1
 260:	70030000 	andvc	r0, r3, r0
 264:	01049e03 	tsteq	r4, r3, lsl #28
 268:	2d2c312c 	stfcss	f3, [ip, #-176]!	@ 0xffffff50
 26c:	2c2d2c2c 	stccs	12, cr2, [sp], #-176	@ 0xffffff50
 270:	2f2c2d2c 	svccs	0x002c2d2c
 274:	2d2c2c2f 	stccs	12, cr2, [ip, #-188]!	@ 0xffffff44
 278:	322c2c2c 	eorcc	r2, ip, #44, 24	@ 0x2c00
 27c:	2f2d2c2c 	svccs	0x002d2c2c
 280:	2c2d2c2c 	stccs	12, cr2, [sp], #-176	@ 0xffffff50
 284:	2c2c2e2c 	stccs	14, cr2, [ip], #-176	@ 0xffffff50
 288:	2c2c2e2d 	stccs	14, cr2, [ip], #-180	@ 0xffffff4c
 28c:	2c2d2c2c 	stccs	12, cr2, [sp], #-176	@ 0xffffff50
 290:	2c2c2d2c 	stccs	13, cr2, [ip], #-176	@ 0xffffff50
 294:	2c2c2c2c 	stccs	12, cr2, [ip], #-176	@ 0xffffff50
 298:	2c2c2c2c 	stccs	12, cr2, [ip], #-176	@ 0xffffff50
 29c:	2c2c2e2c 	stccs	14, cr2, [ip], #-176	@ 0xffffff50
 2a0:	2d2c2c2c 	stccs	12, cr2, [ip, #-176]!	@ 0xffffff50
 2a4:	2c2c2c2c 	stccs	12, cr2, [ip], #-176	@ 0xffffff50
 2a8:	2c2c2c2e 	stccs	12, cr2, [ip], #-184	@ 0xffffff48
 2ac:	2c2c2d2d 	stccs	13, cr2, [ip], #-180	@ 0xffffff4c
 2b0:	2c2c2c2c 	stccs	12, cr2, [ip], #-176	@ 0xffffff50
 2b4:	2c2c2c2f 	stccs	12, cr2, [ip], #-188	@ 0xffffff44
 2b8:	2c2c2c2e 	stccs	12, cr2, [ip], #-184	@ 0xffffff48
 2bc:	2e2e2e2f 	cdpcs	14, 2, cr2, cr14, cr15, {1}
 2c0:	2c2e2e2f 	stccs	14, cr2, [lr], #-188	@ 0xffffff44
 2c4:	2e2c2c2c 	cdpcs	12, 2, cr2, cr12, cr12, {1}
 2c8:	2e2c2c2c 	cdpcs	12, 2, cr2, cr12, cr12, {1}
 2cc:	2d2f2e2c 	stccs	14, cr2, [pc, #-176]!	@ 224 <TIMER0_IRQ_ID+0x200>
 2d0:	2d2c2d2c 	stccs	13, cr2, [ip, #-176]!	@ 0xffffff50
 2d4:	032e2c2c 			@ <UNDEFINED> instruction: 0x032e2c2c
 2d8:	032b7ecd 			@ <UNDEFINED> instruction: 0x032b7ecd
 2dc:	12032b18 	andne	r2, r3, #24, 22	@ 0x6000
 2e0:	302e2c2b 	eorcc	r2, lr, fp, lsr #24
 2e4:	322b1103 	eorcc	r1, fp, #-1073741824	@ 0xc0000000
 2e8:	2c312c32 	ldccs	12, cr2, [r1], #-200	@ 0xffffff38
 2ec:	032b1d03 			@ <UNDEFINED> instruction: 0x032b1d03
 2f0:	2f2d2b21 	svccs	0x002d2b21
 2f4:	2e2b0d03 	cdpcs	13, 2, cr0, cr11, cr3, {0}
 2f8:	01000202 	tsteq	r0, r2, lsl #4
 2fc:	Address 0x2fc is out of bounds.


Desensamblado de la sección .debug_info:

00000000 <.debug_info>:
   0:	00000022 	andeq	r0, r0, r2, lsr #32
   4:	00000002 	andeq	r0, r0, r2
   8:	01040000 	mrseq	r0, (UNDEF: 4)
   c:	00000000 	andeq	r0, r0, r0
  10:	70040000 	andvc	r0, r4, r0
  14:	7004003c 	andvc	r0, r4, ip, lsr r0
  18:	00000000 	andeq	r0, r0, r0
  1c:	00000008 	andeq	r0, r0, r8
  20:	00000031 	andeq	r0, r0, r1, lsr r0
  24:	00228001 	eoreq	r8, r2, r1
  28:	00020000 	andeq	r0, r2, r0
  2c:	00000014 	andeq	r0, r0, r4, lsl r0
  30:	00440104 	subeq	r0, r4, r4, lsl #2
  34:	003c0000 	eorseq	r0, ip, r0
  38:	00687004 	rsbeq	r7, r8, r4
  3c:	003d7004 	eorseq	r7, sp, r4
  40:	00080000 	andeq	r0, r8, r0
  44:	00310000 	eorseq	r0, r1, r0
  48:	80010000 	andhi	r0, r1, r0
  4c:	0000001e 	andeq	r0, r0, lr, lsl r0
  50:	00280002 	eoreq	r0, r8, r2
  54:	01040000 	mrseq	r0, (UNDEF: 4)
  58:	00000084 	andeq	r0, r0, r4, lsl #1
  5c:	00000000 	andeq	r0, r0, r0
  60:	00000045 	andeq	r0, r0, r5, asr #32
  64:	00000008 	andeq	r0, r0, r8
  68:	00000031 	andeq	r0, r0, r1, lsr r0
  6c:	Address 0x6c is out of bounds.


Desensamblado de la sección .debug_abbrev:

00000000 <.debug_abbrev>:
   0:	10001101 	andne	r1, r0, r1, lsl #2
   4:	12011106 	andne	r1, r1, #-2147483647	@ 0x80000001
   8:	1b0e0301 	blne	380c14 <longitud_tablas+0x368c14>
   c:	130e250e 	movwne	r2, #58638	@ 0xe50e
  10:	00000005 	andeq	r0, r0, r5
  14:	10001101 	andne	r1, r0, r1, lsl #2
  18:	12011106 	andne	r1, r1, #-2147483647	@ 0x80000001
  1c:	1b0e0301 	blne	380c28 <longitud_tablas+0x368c28>
  20:	130e250e 	movwne	r2, #58638	@ 0xe50e
  24:	00000005 	andeq	r0, r0, r5
  28:	10001101 	andne	r1, r0, r1, lsl #2
  2c:	03065506 	movweq	r5, #25862	@ 0x6506
  30:	250e1b0e 	strcs	r1, [lr, #-2830]	@ 0xfffff4f2
  34:	0005130e 	andeq	r1, r5, lr, lsl #6
	...

Desensamblado de la sección .debug_aranges:

00000000 <.debug_aranges>:
   0:	0000001c 	andeq	r0, r0, ip, lsl r0
   4:	00000002 	andeq	r0, r0, r2
   8:	00040000 	andeq	r0, r4, r0
   c:	00000000 	andeq	r0, r0, r0
  10:	70040000 	andvc	r0, r4, r0
  14:	0000003c 	andeq	r0, r0, ip, lsr r0
	...
  20:	0000001c 	andeq	r0, r0, ip, lsl r0
  24:	00260002 	eoreq	r0, r6, r2
  28:	00040000 	andeq	r0, r4, r0
  2c:	00000000 	andeq	r0, r0, r0
  30:	7004003c 	andvc	r0, r4, ip, lsr r0
  34:	0000002c 	andeq	r0, r0, ip, lsr #32
	...
  40:	0000002c 	andeq	r0, r0, ip, lsr #32
  44:	004c0002 	subeq	r0, ip, r2
  48:	00040000 	andeq	r0, r4, r0
  4c:	00000000 	andeq	r0, r0, r0
  50:	70000000 	andvc	r0, r0, r0
  54:	00000040 	andeq	r0, r0, r0, asr #32
  58:	70010000 	andvc	r0, r1, r0
  5c:	000005d0 	ldrdeq	r0, [r0], -r0	@ <UNPREDICTABLE>
  60:	70030000 	andvc	r0, r3, r0
  64:	00000208 	andeq	r0, r0, r8, lsl #4
	...

Desensamblado de la sección .debug_str:

00000000 <.debug_str>:
   0:	6b736174 	blvs	1cd85d8 <longitud_tablas+0x1cc05d8>
   4:	00732e31 	rsbseq	r2, r3, r1, lsr lr
   8:	6d6f682f 	stclvs	8, cr6, [pc, #-188]!	@ ffffff54 <tabla_segundo_nivel_tarea2_5+0x7dfeab54>
   c:	646d2f65 	strbtvs	r2, [sp], #-3941	@ 0xfffff09b
  10:	6373452f 	cmnvs	r3, #197132288	@ 0xbc00000
  14:	6f746972 	svcvs	0x00746972
  18:	2f6f6972 	svccs	0x006f6972
  1c:	635f3130 	cmpvs	pc, #48, 2
  20:	2f746175 	svccs	0x00746175
  24:	2f334454 	svccs	0x00334454
  28:	305f7074 	subscc	r7, pc, r4, ror r0	@ <UNPREDICTABLE>
  2c:	37305f31 			@ <UNDEFINED> instruction: 0x37305f31
  30:	554e4700 	strbpl	r4, [lr, #-1792]	@ 0xfffff900
  34:	20534120 	subscs	r4, r3, r0, lsr #2
  38:	32342e32 	eorscc	r2, r4, #800	@ 0x320
  3c:	73617400 	cmnvc	r1, #0, 8
  40:	732e326b 			@ <UNDEFINED> instruction: 0x732e326b
  44:	30707400 	rsbscc	r7, r0, r0, lsl #8
  48:	00732e37 	rsbseq	r2, r3, r7, lsr lr

Desensamblado de la sección .debug_ranges:

00000000 <.debug_ranges>:
   0:	ffffffff 			@ <UNDEFINED> instruction: 0xffffffff
   4:	00000000 	andeq	r0, r0, r0
   8:	70000000 	andvc	r0, r0, r0
   c:	70000040 	andvc	r0, r0, r0, asr #32
  10:	70010000 	andvc	r0, r1, r0
  14:	700105d0 	ldrdvc	r0, [r1], -r0	@ <UNPREDICTABLE>
  18:	70030000 	andvc	r0, r3, r0
  1c:	70030208 	andvc	r0, r3, r8, lsl #4
	...
