
tp02.elf:     file format elf32-littlearm

Raw dump of debug contents of section .debug_line (loaded from tp02.elf):

  Offset:                      0
  Length:                      81
  DWARF Version:               2
  Prologue Length:             26
  Minimum Instruction Length:  2
  Initial value of 'is_stmt':  1
  Line Base:                   -5
  Line Range:                  14
  Opcode Base:                 10

 Opcodes:
  Opcode 1 has 0 args
  Opcode 2 has 1 arg
  Opcode 3 has 1 arg
  Opcode 4 has 1 arg
  Opcode 5 has 1 arg
  Opcode 6 has 0 args
  Opcode 7 has 0 args
  Opcode 8 has 0 args
  Opcode 9 has 1 arg

 The Directory Table is empty.

 The File Name Table (offset 0x19):
  Entry	Dir	Time	Size	Name
  1	0	0	0	tp02.s

 Line Number Statements:
  [0x00000024]  Extended opcode 2: set Address to 0x70010000
  [0x0000002b]  Advance Line by 15 to 16
  [0x0000002d]  Copy
  [0x0000002e]  Special opcode 34: advance Address by 4 to 0x70010004 and Line by 1 to 17
  [0x0000002f]  Special opcode 34: advance Address by 4 to 0x70010008 and Line by 1 to 18
  [0x00000030]  Special opcode 34: advance Address by 4 to 0x7001000c and Line by 1 to 19
  [0x00000031]  Special opcode 34: advance Address by 4 to 0x70010010 and Line by 1 to 20
  [0x00000032]  Special opcode 36: advance Address by 4 to 0x70010014 and Line by 3 to 23
  [0x00000033]  Special opcode 34: advance Address by 4 to 0x70010018 and Line by 1 to 24
  [0x00000034]  Special opcode 34: advance Address by 4 to 0x7001001c and Line by 1 to 25
  [0x00000035]  Special opcode 34: advance Address by 4 to 0x70010020 and Line by 1 to 26
  [0x00000036]  Special opcode 35: advance Address by 4 to 0x70010024 and Line by 2 to 28
  [0x00000037]  Special opcode 34: advance Address by 4 to 0x70010028 and Line by 1 to 29
  [0x00000038]  Advance Line by -13 to 16
  [0x0000003a]  Special opcode 33: advance Address by 4 to 0x7001002c and Line by 0 to 16
  [0x0000003b]  Special opcode 34: advance Address by 4 to 0x70010030 and Line by 1 to 17
  [0x0000003c]  Special opcode 34: advance Address by 4 to 0x70010034 and Line by 1 to 18
  [0x0000003d]  Special opcode 34: advance Address by 4 to 0x70010038 and Line by 1 to 19
  [0x0000003e]  Advance Line by 9 to 28
  [0x00000040]  Special opcode 33: advance Address by 4 to 0x7001003c and Line by 0 to 28
  [0x00000041]  Advance PC by 4 to 0x70010040
  [0x00000043]  Extended opcode 1: End of Sequence

  [0x00000046]  Extended opcode 2: set Address to 0x70600000
  [0x0000004d]  Advance Line by 33 to 34
  [0x0000004f]  Copy
  [0x00000050]  Advance PC by 4 to 0x70600004
  [0x00000052]  Extended opcode 1: End of Sequence


Contents of the .debug_info section (loaded from tp02.elf):

  Compilation Unit @ offset 0:
   Length:        0x1e (32-bit)
   Version:       2
   Abbrev Offset: 0
   Pointer Size:  4
 <0><b>: Abbrev Number: 1 (DW_TAG_compile_unit)
    <c>   DW_AT_stmt_list   : 0
    <10>   DW_AT_ranges      : 0
    <14>   DW_AT_name        : (indirect string, offset: 0): tp02.s
    <18>   DW_AT_comp_dir    : (indirect string, offset: 0x7): /home/vboxuser/Documents/Exercises/TP2
    <1c>   DW_AT_producer    : (indirect string, offset: 0x2e): GNU AS 2.42
    <20>   DW_AT_language    : 32769	(MIPS assembler)

Contents of the .debug_abbrev section (loaded from tp02.elf):

  Number TAG (0)
   1      DW_TAG_compile_unit    [no children]
    DW_AT_stmt_list    DW_FORM_data4
    DW_AT_ranges       DW_FORM_data4
    DW_AT_name         DW_FORM_strp
    DW_AT_comp_dir     DW_FORM_strp
    DW_AT_producer     DW_FORM_strp
    DW_AT_language     DW_FORM_data2
    DW_AT value: 0     DW_FORM value: 0

Contents of the .debug_aranges section (loaded from tp02.elf):

  Length:                   36
  Version:                  2
  Offset into .debug_info:  0
  Pointer Size:             4
  Segment Size:             0

    Address    Length
    70010000 00000040
    70600000 00000004
    00000000 00000000

Contents of the .debug_str section (loaded from tp02.elf):

  0x00000000 74703032 2e73002f 686f6d65 2f76626f tp02.s./home/vbo
  0x00000010 78757365 722f446f 63756d65 6e74732f xuser/Documents/
  0x00000020 45786572 63697365 732f5450 3200474e Exercises/TP2.GN
  0x00000030 55204153 20322e34 3200              U AS 2.42.

Contents of the .debug_ranges section (loaded from tp02.elf):


    Offset   Begin    End
    00000000 ffffffff 00000000 (base address)
    00000000 70010000 70010040
    00000000 70600000 70600004
    00000000 <End of list>

